<?xml version="1.0" encoding="UTF-8"?>
<testsuite xmlns:xsi="http://www.w3.org/2001/XMLSchema-instance" xsi:noNamespaceSchemaLocation="https://maven.apache.org/surefire/maven-surefire-plugin/xsd/surefire-test-report-3.0.xsd" version="3.0" name="TestSuite" time="0.859" tests="50" errors="0" skipped="0" failures="7">
  <properties>
[...]
</properties>
  <testcase name="checkDivideByZeroDouble" classname="hw1.TestingDiv" time="0.007">
    <failure message="&#10;Method TestingDiv.checkDivideByZeroDouble()[pri:0, instance:hw1.TestingDiv@4550bb58] should have thrown an exception of type class java.lang.ArithmeticException" type="org.testng.TestException"><![CDATA[org.testng.TestException: 

Method TestingDiv.checkDivideByZeroDouble()[pri:0, instance:hw1.TestingDiv@4550bb58] should have thrown an exception of type class java.lang.ArithmeticException
]]></failure>
  </testcase>
  <testcase name="checkDivideByZeroLong" classname="hw1.TestingDiv" time="0.001">
    <failure message="&#10;Expected exception of type class java.lang.ArithmeticException but got java.lang.NumberFormatException: Attempt to divide by zero" type="org.testng.TestException"><![CDATA[org.testng.TestException: 

Expected exception of type class java.lang.ArithmeticException but got java.lang.NumberFormatException: Attempt to divide by zero
	at hw1.TestingDiv.checkDivideByZeroLong(TestingDiv.java:57)
]]></failure>
  </testcase>
  <testcase name="testDoubles" classname="hw1.TestingDiv" time="0.002"/>
  <testcase name="testDoubles" classname="hw1.TestingDiv" time="0"/>
  <testcase name="testDoubles" classname="hw1.TestingDiv" time="0.001">
    <failure message="expected [-100003.0] but found [-0.100003]" type="java.lang.AssertionError"><![CDATA[java.lang.AssertionError: expected [-100003.0] but found [-0.100003]
	at hw1.TestingDiv.testDoubles(TestingDiv.java:52)
]]></failure>
  </testcase>
  <testcase name="testDoubles" classname="hw1.TestingDiv" time="0">
    <failure message="expected [4.1111] but found [4.1110999999999995]" type="java.lang.AssertionError"><![CDATA[java.lang.AssertionError: expected [4.1111] but found [4.1110999999999995]
	at hw1.TestingDiv.testDoubles(TestingDiv.java:52)
]]></failure>
  </testcase>
  <testcase name="testDoubles" classname="hw1.TestingDiv" time="0"/>
  <testcase name="testDoubles" classname="hw1.TestingDiv" time="0"/>
  <testcase name="testLongs" classname="hw1.TestingDiv" time="0"/>
  <testcase name="testLongs" classname="hw1.TestingDiv" time="0"/>
  <testcase name="testLongs" classname="hw1.TestingDiv" time="0"/>
  <testcase name="testLongs" classname="hw1.TestingDiv" time="0.001"/>
  <testcase name="testLongs" classname="hw1.TestingDiv" time="0.001"/>
  <testcase name="testLongs" classname="hw1.TestingDiv" time="0.001"/>
  <testcase name="testDoubles" classname="hw1.TestingMul" time="0">
    <failure message="expected [2.25] but found [2.0]" type="java.lang.AssertionError"><![CDATA[java.lang.AssertionError: expected [2.25] but found [2.0]
	at hw1.TestingMul.testDoubles(TestingMul.java:52)
]]></failure>
  </testcase>
  <testcase name="testDoubles" classname="hw1.TestingMul" time="0"/>
  <testcase name="testDoubles" classname="hw1.TestingMul" time="0"/>
  <testcase name="testDoubles" classname="hw1.TestingMul" time="0">
    <failure message="expected [12.3333] but found [12.0]" type="java.lang.AssertionError"><![CDATA[java.lang.AssertionError: expected [12.3333] but found [12.0]
	at hw1.TestingMul.testDoubles(TestingMul.java:52)
]]></failure>
  </testcase>
  <testcase name="testDoubles" classname="hw1.TestingMul" time="0"/>
  <testcase name="testDoubles" classname="hw1.TestingMul" time="0">
    <failure message="expected [-5000555.55] but found [-5000556.0]" type="java.lang.AssertionError"><![CDATA[java.lang.AssertionError: expected [-5000555.55] but found [-5000556.0]
	at hw1.TestingMul.testDoubles(TestingMul.java:52)
]]></failure>
  </testcase>
  <testcase name="testLongs" classname="hw1.TestingMul" time="0.001"/>
  <testcase name="testLongs" classname="hw1.TestingMul" time="0.001"/>
  <testcase name="testLongs" classname="hw1.TestingMul" time="0"/>
  <testcase name="testLongs" classname="hw1.TestingMul" time="0"/>
  <testcase name="testLongs" classname="hw1.TestingMul" time="0"/>
  <testcase name="testLongs" classname="hw1.TestingMul" time="0"/>
  <testcase name="testDoubles" classname="hw1.TestingSub" time="0"/>
  <testcase name="testDoubles" classname="hw1.TestingSub" time="0"/>
  <testcase name="testDoubles" classname="hw1.TestingSub" time="0"/>
  <testcase name="testDoubles" classname="hw1.TestingSub" time="0.001"/>
  <testcase name="testDoubles" classname="hw1.TestingSub" time="0"/>
  <testcase name="testDoubles" classname="hw1.TestingSub" time="0"/>
  <testcase name="testLongs" classname="hw1.TestingSub" time="0.001"/>
  <testcase name="testLongs" classname="hw1.TestingSub" time="0"/>
  <testcase name="testLongs" classname="hw1.TestingSub" time="0"/>
  <testcase name="testLongs" classname="hw1.TestingSub" time="0"/>
  <testcase name="testLongs" classname="hw1.TestingSub" time="0.001"/>
  <testcase name="testLongs" classname="hw1.TestingSub" time="0"/>
  <testcase name="testDoubles" classname="hw1.TestingSum" time="0.001"/>
  <testcase name="testDoubles" classname="hw1.TestingSum" time="0"/>
  <testcase name="testDoubles" classname="hw1.TestingSum" time="0"/>
  <testcase name="testDoubles" classname="hw1.TestingSum" time="0.001"/>
  <testcase name="testDoubles" classname="hw1.TestingSum" time="0"/>
  <testcase name="testDoubles" classname="hw1.TestingSum" time="0"/>
  <testcase name="testLongs" classname="hw1.TestingSum" time="0"/>
  <testcase name="testLongs" classname="hw1.TestingSum" time="0"/>
  <testcase name="testLongs" classname="hw1.TestingSum" time="0"/>
  <testcase name="testLongs" classname="hw1.TestingSum" time="0"/>
  <testcase name="testLongs" classname="hw1.TestingSum" time="0"/>
  <testcase name="testLongs" classname="hw1.TestingSum" time="0"/>
</testsuite>